src/components/ProtectedRoute.tsx(3,25): error TS2307: Cannot find module '../hooks/useAuth' or its corresponding type declarations.
src/components/form/FormInput.tsx(93,7): error TS2769: No overload matches this call.
  Overload 1 of 2, '(specifics: ({ ios?: { shadowColor: string; shadowOffset: { width: number; height: number; }; shadowOpacity: number; shadowRadius: number; elevation: number; } | undefined; android?: { shadowColor: string; shadowOffset: { ...; }; shadowOpacity: number; shadowRadius: number; elevation: number; } | undefined; windows?: { ...; } | undefined; macos?: { ...; } | undefined; web?: { ...; } | undefined; native?: { ...; } | undefined; } & { ...; }) | { ...; }): { ...; }', gave the following error.
    Type '{ elevation: number; }' is missing the following properties from type '{ shadowColor: string; shadowOffset: { width: number; height: number; }; shadowOpacity: number; shadowRadius: number; elevation: number; }': shadowColor, shadowOffset, shadowOpacity, shadowRadius
  Overload 2 of 2, '(specifics: { ios?: { shadowColor: string; shadowOffset: { width: number; height: number; }; shadowOpacity: number; shadowRadius: number; elevation: number; } | undefined; android?: { shadowColor: string; shadowOffset: { ...; }; shadowOpacity: number; shadowRadius: number; elevation: number; } | undefined; windows?: { ...; } | undefined; macos?: { ...; } | undefined; web?: { ...; } | undefined; native?: { ...; } | undefined; }): { ...; } | undefined', gave the following error.
    Type '{ elevation: number; }' is missing the following properties from type '{ shadowColor: string; shadowOffset: { width: number; height: number; }; shadowOpacity: number; shadowRadius: number; elevation: number; }': shadowColor, shadowOffset, shadowOpacity, shadowRadius
src/components/form/FormSelect.tsx(38,9): error TS2769: No overload matches this call.
  Overload 1 of 2, '(props: ViewProps): View', gave the following error.
    Type '"" | 0 | { borderColor: string; }' is not assignable to type 'ViewStyle | Falsy | RegisteredStyle<ViewStyle> | RecursiveArray<ViewStyle | Falsy | RegisteredStyle<ViewStyle>> | readonly (ViewStyle | ... 1 more ... | RegisteredStyle<...>)[]'.
      Type '0' is not assignable to type 'ViewStyle | Falsy | RegisteredStyle<ViewStyle> | RecursiveArray<ViewStyle | Falsy | RegisteredStyle<ViewStyle>> | readonly (ViewStyle | ... 1 more ... | RegisteredStyle<...>)[]'.
  Overload 2 of 2, '(props: ViewProps, context: any): View', gave the following error.
    Type '"" | 0 | { borderColor: string; }' is not assignable to type 'ViewStyle | Falsy | RegisteredStyle<ViewStyle> | RecursiveArray<ViewStyle | Falsy | RegisteredStyle<ViewStyle>> | readonly (ViewStyle | ... 1 more ... | RegisteredStyle<...>)[]'.
      Type '0' is not assignable to type 'ViewStyle | Falsy | RegisteredStyle<ViewStyle> | RecursiveArray<ViewStyle | Falsy | RegisteredStyle<ViewStyle>> | readonly (ViewStyle | ... 1 more ... | RegisteredStyle<...>)[]'.
src/components/form/PhoneInput.tsx(192,7): error TS2769: No overload matches this call.
  Overload 1 of 2, '(specifics: ({ ios?: { shadowColor: string; shadowOffset: { width: number; height: number; }; shadowOpacity: number; shadowRadius: number; elevation: number; } | undefined; android?: { shadowColor: string; shadowOffset: { ...; }; shadowOpacity: number; shadowRadius: number; elevation: number; } | undefined; windows?: { ...; } | undefined; macos?: { ...; } | undefined; web?: { ...; } | undefined; native?: { ...; } | undefined; } & { ...; }) | { ...; }): { ...; }', gave the following error.
    Type '{ elevation: number; }' is missing the following properties from type '{ shadowColor: string; shadowOffset: { width: number; height: number; }; shadowOpacity: number; shadowRadius: number; elevation: number; }': shadowColor, shadowOffset, shadowOpacity, shadowRadius
  Overload 2 of 2, '(specifics: { ios?: { shadowColor: string; shadowOffset: { width: number; height: number; }; shadowOpacity: number; shadowRadius: number; elevation: number; } | undefined; android?: { shadowColor: string; shadowOffset: { ...; }; shadowOpacity: number; shadowRadius: number; elevation: number; } | undefined; windows?: { ...; } | undefined; macos?: { ...; } | undefined; web?: { ...; } | undefined; native?: { ...; } | undefined; }): { ...; } | undefined', gave the following error.
    Type '{ elevation: number; }' is missing the following properties from type '{ shadowColor: string; shadowOffset: { width: number; height: number; }; shadowOpacity: number; shadowRadius: number; elevation: number; }': shadowColor, shadowOffset, shadowOpacity, shadowRadius
src/components/form/PhoneInput.tsx(262,20): error TS2339: Property 'xl' does not exist on type '{ sm: { shadowColor: string; shadowOffset: { width: number; height: number; }; shadowOpacity: number; shadowRadius: number; elevation: number; }; md: { shadowColor: string; shadowOffset: { width: number; height: number; }; shadowOpacity: number; shadowRadius: number; elevation: number; }; lg: { ...; }; }'.
src/components/form/SubmitButton.tsx(35,7): error TS2322: Type '({ pressed }: any) => (false | { opacity: number; cursor: "pointer" | "not-allowed"; })[]' is not assignable to type '((false | "" | ViewStyle | RegisteredStyle<ViewStyle> | RecursiveArray<ViewStyle | Falsy | RegisteredStyle<ViewStyle>>) & (false | ... 4 more ... | ((state: PressableStateCallbackType) => StyleProp<...>))) | null | undefined'.
  Type '({ pressed }: any) => (false | { opacity: number; cursor: "pointer" | "not-allowed"; })[]' is not assignable to type 'false & ((state: PressableStateCallbackType) => StyleProp<ViewStyle>)'.
    Type '({ pressed }: any) => (false | { opacity: number; cursor: "pointer" | "not-allowed"; })[]' is not assignable to type 'false'.
src/components/form/SubmitButton.tsx(76,17): error TS2769: No overload matches this call.
  Overload 2 of 2, '(specifics: { ios?: { shadowColor: string; shadowOffset: { width: number; height: number; }; shadowOpacity: number; shadowRadius: number; elevation: number; } | undefined; android?: { shadowColor: string; shadowOffset: { ...; }; shadowOpacity: number; shadowRadius: number; elevation: number; } | undefined; windows?: { ...; } | undefined; macos?: { ...; } | undefined; web?: { ...; } | undefined; native?: { ...; } | undefined; }): { ...; } | undefined', gave the following error.
    Type '{ elevation: number; }' is missing the following properties from type '{ shadowColor: string; shadowOffset: { width: number; height: number; }; shadowOpacity: number; shadowRadius: number; elevation: number; }': shadowColor, shadowOffset, shadowOpacity, shadowRadius
  Overload 2 of 2, '(specifics: { ios?: { shadowColor: string; shadowOffset: { width: number; height: number; }; shadowOpacity: number; shadowRadius: number; elevation: number; } | undefined; android?: { shadowColor: string; shadowOffset: { ...; }; shadowOpacity: number; shadowRadius: number; elevation: number; } | undefined; windows?: { ...; } | undefined; macos?: { ...; } | undefined; web?: { ...; } | undefined; native?: { ...; } | undefined; }): { ...; } | undefined', gave the following error.
    Object literal may only specify known properties, and 'boxShadow' does not exist in type '{ shadowColor: string; shadowOffset: { width: number; height: number; }; shadowOpacity: number; shadowRadius: number; elevation: number; }'.
src/components/tickets/TicketCard.tsx(41,9): error TS2769: No overload matches this call.
  Overload 1 of 2, '(props: LinearGradientProps): LinearGradient', gave the following error.
    Type 'string[]' is not assignable to type 'readonly [ColorValue, ColorValue, ...ColorValue[]]'.
      Source provides no match for required element at position 0 in target.
  Overload 2 of 2, '(props: LinearGradientProps, context: any): LinearGradient', gave the following error.
    Type 'string[]' is not assignable to type 'readonly [ColorValue, ColorValue, ...ColorValue[]]'.
      Source provides no match for required element at position 0 in target.
src/screens/RegisterUserScreen.tsx(559,39): error TS2551: Property 'semiBold' does not exist on type '{ regular: "400"; medium: "500"; semibold: "600"; bold: "700"; }'. Did you mean 'semibold'?
